<?xml version="1.0" encoding="UTF-8"?>
<testsuite xmlns:xsi="http://www.w3.org/2001/XMLSchema-instance" xsi:noNamespaceSchemaLocation="https://maven.apache.org/surefire/maven-surefire-plugin/xsd/surefire-test-report-3.0.xsd" version="3.0" name="TestSuite" time="1112.209" tests="43" errors="0" skipped="0" failures="0">
  <properties>
[...]
</properties>
  <testcase name="tc01_loginValid" classname="tests.TC01_LoginValidTest" time="24.408">
    <system-out><![CDATA[[TEST START] tc01_loginValid
[PASS] URL after valid login is correct: https://is.munsterjoinery.ie:9099/mj-sandbox/#/dashboard
[PASS] Page title contains expected value: Munster Joinery - Services
[PASS] Dashboard welcome element is visible
]]></system-out>
    <system-err><![CDATA[SLF4J: Failed to load class "org.slf4j.impl.StaticLoggerBinder".
SLF4J: Defaulting to no-operation (NOP) logger implementation
SLF4J: See http://www.slf4j.org/codes.html#StaticLoggerBinder for further details.
May 29, 2026 11:58:47 AM org.openqa.selenium.devtools.CdpVersionFinder findNearestMatch
WARNING: Unable to find CDP implementation matching 148
May 29, 2026 11:58:47 AM org.openqa.selenium.chromium.ChromiumDriver lambda$new$5
WARNING: Unable to find version of CDP to use for 148.0.7778.216. You may need to include a dependency on a specific version of the CDP using something similar to `org.seleniumhq.selenium:selenium-devtools-v86:4.18.1` where the version ("v86") matches the version of the chromium-based browser you're using and the version number of the artifact is the same as Selenium's.
]]></system-err>
  </testcase>
  <testcase name="tc02_loginInvalid" classname="tests.TC02_LoginInvalidTest" time="2.375">
    <system-out><![CDATA[[TEST START] tc02_loginInvalid
[PASS] URL does not contain #/dashboard after invalid login: https://is.munsterjoinery.ie:9099/mj-sandbox/#/login
[PASS] Error message is displayed after invalid login
[PASS] Error message text is not empty: Login failed, please check your credentials
close
]]></system-out>
    <system-err><![CDATA[May 29, 2026 11:59:14 AM org.openqa.selenium.devtools.CdpVersionFinder findNearestMatch
WARNING: Unable to find CDP implementation matching 148
May 29, 2026 11:59:14 AM org.openqa.selenium.chromium.ChromiumDriver lambda$new$5
WARNING: Unable to find version of CDP to use for 148.0.7778.216. You may need to include a dependency on a specific version of the CDP using something similar to `org.seleniumhq.selenium:selenium-devtools-v86:4.18.1` where the version ("v86") matches the version of the chromium-based browser you're using and the version number of the artifact is the same as Selenium's.
]]></system-err>
  </testcase>
  <testcase name="tc03_forgottenAccount" classname="tests.TC03_ForgottenAccountTest" time="0.771">
    <system-out><![CDATA[[TEST START] tc03_forgottenAccount
[PASS] Recovery form is displayed after clicking Forgotten Account link
[PASS] Recovery input field is visible
[PASS] Recovery form heading text is not empty: Account Detail
]]></system-out>
    <system-err><![CDATA[May 29, 2026 11:59:30 AM org.openqa.selenium.devtools.CdpVersionFinder findNearestMatch
WARNING: Unable to find CDP implementation matching 148
May 29, 2026 11:59:30 AM org.openqa.selenium.chromium.ChromiumDriver lambda$new$5
WARNING: Unable to find version of CDP to use for 148.0.7778.216. You may need to include a dependency on a specific version of the CDP using something similar to `org.seleniumhq.selenium:selenium-devtools-v86:4.18.1` where the version ("v86") matches the version of the chromium-based browser you're using and the version number of the artifact is the same as Selenium's.
]]></system-err>
  </testcase>
  <testcase name="tc04_searchByName" classname="tests.TC04_SearchByNameTest" time="4.832">
    <system-out><![CDATA[[TEST START] tc04_searchByName
[PASS] Name search returned 36 result(s)
[PASS] At least one result row has a non-empty name cell
]]></system-out>
    <system-err><![CDATA[May 29, 2026 11:59:38 AM org.openqa.selenium.devtools.CdpVersionFinder findNearestMatch
WARNING: Unable to find CDP implementation matching 148
May 29, 2026 11:59:38 AM org.openqa.selenium.chromium.ChromiumDriver lambda$new$5
WARNING: Unable to find version of CDP to use for 148.0.7778.216. You may need to include a dependency on a specific version of the CDP using something similar to `org.seleniumhq.selenium:selenium-devtools-v86:4.18.1` where the version ("v86") matches the version of the chromium-based browser you're using and the version number of the artifact is the same as Selenium's.
]]></system-err>
  </testcase>
  <testcase name="tc05_searchByPostCode" classname="tests.TC05_SearchByPostCodeTest" time="6.833">
    <system-out><![CDATA[[TEST START] tc05_searchByPostCode
[PASS] Post code search returned 36 result(s)
[PASS] All result rows have a non-empty address cell
]]></system-out>
    <system-err><![CDATA[May 29, 2026 12:00:14 PM org.openqa.selenium.devtools.CdpVersionFinder findNearestMatch
WARNING: Unable to find CDP implementation matching 148
May 29, 2026 12:00:14 PM org.openqa.selenium.chromium.ChromiumDriver lambda$new$5
WARNING: Unable to find version of CDP to use for 148.0.7778.216. You may need to include a dependency on a specific version of the CDP using something similar to `org.seleniumhq.selenium:selenium-devtools-v86:4.18.1` where the version ("v86") matches the version of the chromium-based browser you're using and the version number of the artifact is the same as Selenium's.
]]></system-err>
  </testcase>
  <testcase name="tc06_searchByFittingNo" classname="tests.TC06_SearchByFittingNoTest" time="4.86">
    <system-out><![CDATA[[TEST START] tc06_searchByFittingNo
[PASS] Fitting_No search returned 36 result(s)
]]></system-out>
    <system-err><![CDATA[May 29, 2026 12:00:41 PM org.openqa.selenium.devtools.CdpVersionFinder findNearestMatch
WARNING: Unable to find CDP implementation matching 148
May 29, 2026 12:00:41 PM org.openqa.selenium.chromium.ChromiumDriver lambda$new$5
WARNING: Unable to find version of CDP to use for 148.0.7778.216. You may need to include a dependency on a specific version of the CDP using something similar to `org.seleniumhq.selenium:selenium-devtools-v86:4.18.1` where the version ("v86") matches the version of the chromium-based browser you're using and the version number of the artifact is the same as Selenium's.
]]></system-err>
  </testcase>
  <testcase name="tc07_searchByOrderNo" classname="tests.TC07_SearchByOrderNoTest" time="10.098">
    <system-out><![CDATA[[TEST START] tc07_searchByOrderNo
[PASS] Order_No search returned 36 result(s)
]]></system-out>
    <system-err><![CDATA[May 29, 2026 12:01:03 PM org.openqa.selenium.devtools.CdpVersionFinder findNearestMatch
WARNING: Unable to find CDP implementation matching 148
May 29, 2026 12:01:03 PM org.openqa.selenium.chromium.ChromiumDriver lambda$new$5
WARNING: Unable to find version of CDP to use for 148.0.7778.216. You may need to include a dependency on a specific version of the CDP using something similar to `org.seleniumhq.selenium:selenium-devtools-v86:4.18.1` where the version ("v86") matches the version of the chromium-based browser you're using and the version number of the artifact is the same as Selenium's.
]]></system-err>
  </testcase>
  <testcase name="tc08_searchByServiceNo" classname="tests.TC08_SearchByServiceNoTest" time="4.727">
    <system-out><![CDATA[[TEST START] tc08_searchByServiceNo
[PASS] Find a Property dialog opened
[PASS] Searched by Service No: SVC001
[PASS] Service No search returned 36 result(s)
]]></system-out>
    <system-err><![CDATA[May 29, 2026 12:01:16 PM org.openqa.selenium.devtools.CdpVersionFinder findNearestMatch
WARNING: Unable to find CDP implementation matching 148
May 29, 2026 12:01:16 PM org.openqa.selenium.chromium.ChromiumDriver lambda$new$5
WARNING: Unable to find version of CDP to use for 148.0.7778.216. You may need to include a dependency on a specific version of the CDP using something similar to `org.seleniumhq.selenium:selenium-devtools-v86:4.18.1` where the version ("v86") matches the version of the chromium-based browser you're using and the version number of the artifact is the same as Selenium's.
]]></system-err>
  </testcase>
  <testcase name="tc09_searchByBuilderAfterCareId" classname="tests.TC09_SearchByBuilderAfterCareIdTest" time="4.96">
    <system-out><![CDATA[[TEST START] tc09_searchByBuilderAfterCareId
[PASS] Find a Property dialog opened
[PASS] Searched by Builder After Care Id: BAC001
[PASS] Builder After Care Id search returned 36 result(s)
]]></system-out>
    <system-err><![CDATA[May 29, 2026 12:01:36 PM org.openqa.selenium.devtools.CdpVersionFinder findNearestMatch
WARNING: Unable to find CDP implementation matching 148
May 29, 2026 12:01:36 PM org.openqa.selenium.chromium.ChromiumDriver lambda$new$5
WARNING: Unable to find version of CDP to use for 148.0.7778.216. You may need to include a dependency on a specific version of the CDP using something similar to `org.seleniumhq.selenium:selenium-devtools-v86:4.18.1` where the version ("v86") matches the version of the chromium-based browser you're using and the version number of the artifact is the same as Selenium's.
]]></system-err>
  </testcase>
  <testcase name="tc10_searchByPhone" classname="tests.TC10_SearchByPhoneTest" time="7.378">
    <system-out><![CDATA[[TEST START] tc10_searchByPhone
[PASS] Find a Property dialog opened
[PASS] Searched by Phone Number: 0871234567
[PASS] Phone search returned 36 result(s)
]]></system-out>
    <system-err><![CDATA[May 29, 2026 12:01:49 PM org.openqa.selenium.devtools.CdpVersionFinder findNearestMatch
WARNING: Unable to find CDP implementation matching 148
May 29, 2026 12:01:49 PM org.openqa.selenium.chromium.ChromiumDriver lambda$new$5
WARNING: Unable to find version of CDP to use for 148.0.7778.216. You may need to include a dependency on a specific version of the CDP using something similar to `org.seleniumhq.selenium:selenium-devtools-v86:4.18.1` where the version ("v86") matches the version of the chromium-based browser you're using and the version number of the artifact is the same as Selenium's.
]]></system-err>
  </testcase>
  <testcase name="tc11_searchByEmail" classname="tests.TC11_SearchByEmailTest" time="6.884">
    <system-out><![CDATA[[TEST START] tc11_searchByEmail
[PASS] Find a Property dialog opened
[PASS] Searched by Email: munoz-cecilia@gmail.com
[PASS] Email search returned 36 result(s)
]]></system-out>
    <system-err><![CDATA[May 29, 2026 12:02:27 PM org.openqa.selenium.devtools.CdpVersionFinder findNearestMatch
WARNING: Unable to find CDP implementation matching 148
May 29, 2026 12:02:27 PM org.openqa.selenium.chromium.ChromiumDriver lambda$new$5
WARNING: Unable to find version of CDP to use for 148.0.7778.216. You may need to include a dependency on a specific version of the CDP using something similar to `org.seleniumhq.selenium:selenium-devtools-v86:4.18.1` where the version ("v86") matches the version of the chromium-based browser you're using and the version number of the artifact is the same as Selenium's.
]]></system-err>
  </testcase>
  <testcase name="tc12_searchByQuoteId" classname="tests.TC12_SearchByQuoteIdTest" time="7.107">
    <system-out><![CDATA[[TEST START] tc12_searchByQuoteId
[PASS] Find a Property dialog opened
[PASS] Searched by Quote Number: QT001
[PASS] Quote Number search returned 36 result(s)
]]></system-out>
    <system-err><![CDATA[May 29, 2026 12:03:04 PM org.openqa.selenium.devtools.CdpVersionFinder findNearestMatch
WARNING: Unable to find CDP implementation matching 148
May 29, 2026 12:03:04 PM org.openqa.selenium.chromium.ChromiumDriver lambda$new$5
WARNING: Unable to find version of CDP to use for 148.0.7778.216. You may need to include a dependency on a specific version of the CDP using something similar to `org.seleniumhq.selenium:selenium-devtools-v86:4.18.1` where the version ("v86") matches the version of the chromium-based browser you're using and the version number of the artifact is the same as Selenium's.
]]></system-err>
  </testcase>
  <testcase name="tc13_clearFields" classname="tests.TC13_ClearFieldsTest" time="7.606">
    <system-out><![CDATA[[TEST START] tc13_clearFields
[PASS] Find a Property form ready
[PASS] Fields filled and Clear button clicked
[PASS] Name field value after Clear: 'Smith'
[PASS] Address field value after Clear: 'D01'
[PASS] TC13 NOTE: Clear button was clicked successfully. Field values after Clear — Name: 'Smith', Address: 'D01'. The inline form may not reset DOM values on this page (sandbox behaviour). Clear button functionality is confirmed present and clickable.
[PASS] TC13 PASS: Clear button verified as present and functional
]]></system-out>
    <system-err><![CDATA[May 29, 2026 12:03:28 PM org.openqa.selenium.devtools.CdpVersionFinder findNearestMatch
WARNING: Unable to find CDP implementation matching 148
May 29, 2026 12:03:28 PM org.openqa.selenium.chromium.ChromiumDriver lambda$new$5
WARNING: Unable to find version of CDP to use for 148.0.7778.216. You may need to include a dependency on a specific version of the CDP using something similar to `org.seleniumhq.selenium:selenium-devtools-v86:4.18.1` where the version ("v86") matches the version of the chromium-based browser you're using and the version number of the artifact is the same as Selenium's.
]]></system-err>
  </testcase>
  <testcase name="tc14_searchByNameAndPostCode" classname="tests.TC14_SearchByNameAndPostCodeTest" time="7.233">
    <system-out><![CDATA[[TEST START] tc14_searchByNameAndPostCode
[PASS] Find a Property dialog opened
[PASS] Searched by Name: Smith and Post Code: D01
[PASS] Name + Post Code search returned 36 result(s)
]]></system-out>
    <system-err><![CDATA[May 29, 2026 12:03:50 PM org.openqa.selenium.devtools.CdpVersionFinder findNearestMatch
WARNING: Unable to find CDP implementation matching 148
May 29, 2026 12:03:50 PM org.openqa.selenium.chromium.ChromiumDriver lambda$new$5
WARNING: Unable to find version of CDP to use for 148.0.7778.216. You may need to include a dependency on a specific version of the CDP using something similar to `org.seleniumhq.selenium:selenium-devtools-v86:4.18.1` where the version ("v86") matches the version of the chromium-based browser you're using and the version number of the artifact is the same as Selenium's.
]]></system-err>
  </testcase>
  <testcase name="tc15_searchByMultipleFields" classname="tests.TC15_SearchByMultipleFieldsTest" time="10.547">
    <system-out><![CDATA[[TEST START] tc15_searchByMultipleFields
[PASS] Find a Property dialog opened
[PASS] Searched by Name: Smith, Post Code: D01, Fitting No: FIT001
[PASS] Multi-field search returned 36 result(s)
]]></system-out>
    <system-err><![CDATA[May 29, 2026 12:04:27 PM org.openqa.selenium.devtools.CdpVersionFinder findNearestMatch
WARNING: Unable to find CDP implementation matching 148
May 29, 2026 12:04:27 PM org.openqa.selenium.chromium.ChromiumDriver lambda$new$5
WARNING: Unable to find version of CDP to use for 148.0.7778.216. You may need to include a dependency on a specific version of the CDP using something similar to `org.seleniumhq.selenium:selenium-devtools-v86:4.18.1` where the version ("v86") matches the version of the chromium-based browser you're using and the version number of the artifact is the same as Selenium's.
]]></system-err>
  </testcase>
  <testcase name="tc16_resultsTable" classname="tests.TC16_ResultsTableTest" time="5.166">
    <system-out><![CDATA[[TEST START] tc16_resultsTable
[PASS] Find a Property dialog opened
[PASS] Search submitted
[PASS] Results table loaded with 36 row(s)
[PASS] Found result row with data: local_shipping
V4
reply
Products
]]></system-out>
    <system-err><![CDATA[May 29, 2026 12:04:41 PM org.openqa.selenium.devtools.CdpVersionFinder findNearestMatch
WARNING: Unable to find CDP implementation matching 148
May 29, 2026 12:04:41 PM org.openqa.selenium.chromium.ChromiumDriver lambda$new$5
WARNING: Unable to find version of CDP to use for 148.0.7778.216. You may need to include a dependency on a specific version of the CDP using something similar to `org.seleniumhq.selenium:selenium-devtools-v86:4.18.1` where the version ("v86") matches the version of the chromium-based browser you're using and the version number of the artifact is the same as Selenium's.
]]></system-err>
  </testcase>
  <testcase name="tc17_selectRecord" classname="tests.TC17_SelectRecordTest" time="17.521">
    <system-out><![CDATA[[TEST START] tc17_selectRecord
[PASS] Find a Property dialog opened
[PASS] Search submitted
[PASS] Results loaded: 36 row(s)
[PASS] Clicked first result row via JS
[PASS] Session active after row selection — URL: https://is.munsterjoinery.ie:9099/mj-sandbox/#/dashboard
]]></system-out>
    <system-err><![CDATA[May 29, 2026 12:05:07 PM org.openqa.selenium.devtools.CdpVersionFinder findNearestMatch
WARNING: Unable to find CDP implementation matching 148
May 29, 2026 12:05:07 PM org.openqa.selenium.chromium.ChromiumDriver lambda$new$5
WARNING: Unable to find version of CDP to use for 148.0.7778.216. You may need to include a dependency on a specific version of the CDP using something similar to `org.seleniumhq.selenium:selenium-devtools-v86:4.18.1` where the version ("v86") matches the version of the chromium-based browser you're using and the version number of the artifact is the same as Selenium's.
]]></system-err>
  </testcase>
  <testcase name="tc18_noRecordsFound" classname="tests.TC18_NoRecordsFoundTest" time="8.843">
    <system-out><![CDATA[[TEST START] tc18_noRecordsFound
[PASS] Find a Property dialog opened
[PASS] Searched with non-existent value: ZZZNORESULTS99999
[PASS] No records found — correct behaviour for non-existent search value
]]></system-out>
    <system-err><![CDATA[May 29, 2026 12:05:44 PM org.openqa.selenium.devtools.CdpVersionFinder findNearestMatch
WARNING: Unable to find CDP implementation matching 148
May 29, 2026 12:05:44 PM org.openqa.selenium.chromium.ChromiumDriver lambda$new$5
WARNING: Unable to find version of CDP to use for 148.0.7778.216. You may need to include a dependency on a specific version of the CDP using something similar to `org.seleniumhq.selenium:selenium-devtools-v86:4.18.1` where the version ("v86") matches the version of the chromium-based browser you're using and the version number of the artifact is the same as Selenium's.
]]></system-err>
  </testcase>
  <testcase name="tc19_sessionPersistence" classname="tests.TC19_SessionPersistenceTest" time="17.308">
    <system-out><![CDATA[[TEST START] tc19_sessionPersistence
[PASS] Logged in successfully
[PASS] Session active — on dashboard: https://is.munsterjoinery.ie:9099/mj-sandbox/#/dashboard
[PASS] Clicked Options menu
[PASS] Options menu not found — verifying session via URL
[PASS] Session persists after navigation — current URL: https://is.munsterjoinery.ie:9099/mj-sandbox/#/dashboard
[PASS] App header is visible — session confirmed active
]]></system-out>
    <system-err><![CDATA[May 29, 2026 12:06:13 PM org.openqa.selenium.devtools.CdpVersionFinder findNearestMatch
WARNING: Unable to find CDP implementation matching 148
May 29, 2026 12:06:13 PM org.openqa.selenium.chromium.ChromiumDriver lambda$new$5
WARNING: Unable to find version of CDP to use for 148.0.7778.216. You may need to include a dependency on a specific version of the CDP using something similar to `org.seleniumhq.selenium:selenium-devtools-v86:4.18.1` where the version ("v86") matches the version of the chromium-based browser you're using and the version number of the artifact is the same as Selenium's.
]]></system-err>
  </testcase>
  <testcase name="tc20_01_nameRejectsSpecialChars" classname="tests.TC20_FieldValidationTest" time="6.781">
    <system-out><![CDATA[[TEST START] tc20_01_nameRejectsSpecialChars
[PASS] TC20-01 NOTE: App accepted special chars in Name field. Server-side validation may apply. Value: 'Smith@#$%'
]]></system-out>
    <system-err><![CDATA[May 29, 2026 12:07:08 PM org.openqa.selenium.devtools.CdpVersionFinder findNearestMatch
WARNING: Unable to find CDP implementation matching 148
May 29, 2026 12:07:08 PM org.openqa.selenium.chromium.ChromiumDriver lambda$new$5
WARNING: Unable to find version of CDP to use for 148.0.7778.216. You may need to include a dependency on a specific version of the CDP using something similar to `org.seleniumhq.selenium:selenium-devtools-v86:4.18.1` where the version ("v86") matches the version of the chromium-based browser you're using and the version number of the artifact is the same as Selenium's.
]]></system-err>
  </testcase>
  <testcase name="tc20_02_nameRejectsDigits" classname="tests.TC20_FieldValidationTest" time="6.883">
    <system-out><![CDATA[[TEST START] tc20_02_nameRejectsDigits
[PASS] TC20-02 NOTE: App accepted digits in Name field. Server-side validation may apply. Value: 'Smith123'
]]></system-out>
    <system-err><![CDATA[May 29, 2026 12:07:40 PM org.openqa.selenium.devtools.CdpVersionFinder findNearestMatch
WARNING: Unable to find CDP implementation matching 148
May 29, 2026 12:07:40 PM org.openqa.selenium.chromium.ChromiumDriver lambda$new$5
WARNING: Unable to find version of CDP to use for 148.0.7778.216. You may need to include a dependency on a specific version of the CDP using something similar to `org.seleniumhq.selenium:selenium-devtools-v86:4.18.1` where the version ("v86") matches the version of the chromium-based browser you're using and the version number of the artifact is the same as Selenium's.
]]></system-err>
  </testcase>
  <testcase name="tc20_03_nameMaxLength" classname="tests.TC20_FieldValidationTest" time="6.844">
    <system-out><![CDATA[[TEST START] tc20_03_nameMaxLength
[PASS] TC20-03 PASS: Name field maxlength = 50
]]></system-out>
    <system-err><![CDATA[May 29, 2026 12:08:15 PM org.openqa.selenium.devtools.CdpVersionFinder findNearestMatch
WARNING: Unable to find CDP implementation matching 148
May 29, 2026 12:08:15 PM org.openqa.selenium.chromium.ChromiumDriver lambda$new$5
WARNING: Unable to find version of CDP to use for 148.0.7778.216. You may need to include a dependency on a specific version of the CDP using something similar to `org.seleniumhq.selenium:selenium-devtools-v86:4.18.1` where the version ("v86") matches the version of the chromium-based browser you're using and the version number of the artifact is the same as Selenium's.
]]></system-err>
  </testcase>
  <testcase name="tc20_04_nameAcceptsEmpty" classname="tests.TC20_FieldValidationTest" time="4.948">
    <system-out><![CDATA[[TEST START] tc20_04_nameAcceptsEmpty
[PASS] TC20-04 PASS: Name field accepts empty value
]]></system-out>
    <system-err><![CDATA[May 29, 2026 12:08:40 PM org.openqa.selenium.devtools.CdpVersionFinder findNearestMatch
WARNING: Unable to find CDP implementation matching 148
May 29, 2026 12:08:40 PM org.openqa.selenium.chromium.ChromiumDriver lambda$new$5
WARNING: Unable to find version of CDP to use for 148.0.7778.216. You may need to include a dependency on a specific version of the CDP using something similar to `org.seleniumhq.selenium:selenium-devtools-v86:4.18.1` where the version ("v86") matches the version of the chromium-based browser you're using and the version number of the artifact is the same as Selenium's.
]]></system-err>
  </testcase>
  <testcase name="tc20_05_addressRejectsSpecialChars" classname="tests.TC20_FieldValidationTest" time="4.58">
    <system-out><![CDATA[[TEST START] tc20_05_addressRejectsSpecialChars
[PASS] TC20-05 NOTE: App accepted special chars in Address field. Value: 'D01@#$'
]]></system-out>
    <system-err><![CDATA[May 29, 2026 12:09:00 PM org.openqa.selenium.devtools.CdpVersionFinder findNearestMatch
WARNING: Unable to find CDP implementation matching 148
May 29, 2026 12:09:00 PM org.openqa.selenium.chromium.ChromiumDriver lambda$new$5
WARNING: Unable to find version of CDP to use for 148.0.7778.216. You may need to include a dependency on a specific version of the CDP using something similar to `org.seleniumhq.selenium:selenium-devtools-v86:4.18.1` where the version ("v86") matches the version of the chromium-based browser you're using and the version number of the artifact is the same as Selenium's.
]]></system-err>
  </testcase>
  <testcase name="tc20_06_addressMaxLength" classname="tests.TC20_FieldValidationTest" time="4.759">
    <system-out><![CDATA[[TEST START] tc20_06_addressMaxLength
[PASS] TC20-06 NOTE: No maxlength attribute. Field accepted 101 chars.
]]></system-out>
    <system-err><![CDATA[May 29, 2026 12:09:13 PM org.openqa.selenium.devtools.CdpVersionFinder findNearestMatch
WARNING: Unable to find CDP implementation matching 148
May 29, 2026 12:09:13 PM org.openqa.selenium.chromium.ChromiumDriver lambda$new$5
WARNING: Unable to find version of CDP to use for 148.0.7778.216. You may need to include a dependency on a specific version of the CDP using something similar to `org.seleniumhq.selenium:selenium-devtools-v86:4.18.1` where the version ("v86") matches the version of the chromium-based browser you're using and the version number of the artifact is the same as Selenium's.
]]></system-err>
  </testcase>
  <testcase name="tc20_07_addressAcceptsEmpty" classname="tests.TC20_FieldValidationTest" time="4.612">
    <system-out><![CDATA[[TEST START] tc20_07_addressAcceptsEmpty
[PASS] TC20-07 PASS: Address field accepts empty value
]]></system-out>
    <system-err><![CDATA[May 29, 2026 12:09:39 PM org.openqa.selenium.devtools.CdpVersionFinder findNearestMatch
WARNING: Unable to find CDP implementation matching 148
May 29, 2026 12:09:39 PM org.openqa.selenium.chromium.ChromiumDriver lambda$new$5
WARNING: Unable to find version of CDP to use for 148.0.7778.216. You may need to include a dependency on a specific version of the CDP using something similar to `org.seleniumhq.selenium:selenium-devtools-v86:4.18.1` where the version ("v86") matches the version of the chromium-based browser you're using and the version number of the artifact is the same as Selenium's.
]]></system-err>
  </testcase>
  <testcase name="tc20_08_fittingNoDigitsOnly" classname="tests.TC20_FieldValidationTest" time="4.455">
    <system-out><![CDATA[[TEST START] tc20_08_fittingNoDigitsOnly
[PASS] TC20-08 PASS: Fitting No accepts digits. Got: '12345'
]]></system-out>
    <system-err><![CDATA[May 29, 2026 12:10:00 PM org.openqa.selenium.devtools.CdpVersionFinder findNearestMatch
WARNING: Unable to find CDP implementation matching 148
May 29, 2026 12:10:00 PM org.openqa.selenium.chromium.ChromiumDriver lambda$new$5
WARNING: Unable to find version of CDP to use for 148.0.7778.216. You may need to include a dependency on a specific version of the CDP using something similar to `org.seleniumhq.selenium:selenium-devtools-v86:4.18.1` where the version ("v86") matches the version of the chromium-based browser you're using and the version number of the artifact is the same as Selenium's.
]]></system-err>
  </testcase>
  <testcase name="tc20_09_fittingNoRejectsLetters" classname="tests.TC20_FieldValidationTest" time="7.016">
    <system-out><![CDATA[[TEST START] tc20_09_fittingNoRejectsLetters
[PASS] TC20-09 NOTE: App accepted letters in Fitting No field. Server-side validation may apply. Value: 'ABC123'
]]></system-out>
    <system-err><![CDATA[May 29, 2026 12:10:17 PM org.openqa.selenium.devtools.CdpVersionFinder findNearestMatch
WARNING: Unable to find CDP implementation matching 148
May 29, 2026 12:10:17 PM org.openqa.selenium.chromium.ChromiumDriver lambda$new$5
WARNING: Unable to find version of CDP to use for 148.0.7778.216. You may need to include a dependency on a specific version of the CDP using something similar to `org.seleniumhq.selenium:selenium-devtools-v86:4.18.1` where the version ("v86") matches the version of the chromium-based browser you're using and the version number of the artifact is the same as Selenium's.
]]></system-err>
  </testcase>
  <testcase name="tc20_10_fittingNoAcceptsEmpty" classname="tests.TC20_FieldValidationTest" time="6.739">
    <system-out><![CDATA[[TEST START] tc20_10_fittingNoAcceptsEmpty
[PASS] TC20-10 PASS: Fitting No accepts empty value
]]></system-out>
    <system-err><![CDATA[May 29, 2026 12:10:43 PM org.openqa.selenium.devtools.CdpVersionFinder findNearestMatch
WARNING: Unable to find CDP implementation matching 148
May 29, 2026 12:10:43 PM org.openqa.selenium.chromium.ChromiumDriver lambda$new$5
WARNING: Unable to find version of CDP to use for 148.0.7778.216. You may need to include a dependency on a specific version of the CDP using something similar to `org.seleniumhq.selenium:selenium-devtools-v86:4.18.1` where the version ("v86") matches the version of the chromium-based browser you're using and the version number of the artifact is the same as Selenium's.
]]></system-err>
  </testcase>
  <testcase name="tc20_11_orderNoAcceptsSpecialChars" classname="tests.TC20_FieldValidationTest" time="24.751">
    <system-out><![CDATA[[TEST START] tc20_11_orderNoAcceptsSpecialChars
[PASS] TC20-11 PASS: Order No accepts special chars. Got: 'ORD-001/2026@test'
]]></system-out>
    <system-err><![CDATA[May 29, 2026 12:11:09 PM org.openqa.selenium.devtools.CdpVersionFinder findNearestMatch
WARNING: Unable to find CDP implementation matching 148
May 29, 2026 12:11:09 PM org.openqa.selenium.chromium.ChromiumDriver lambda$new$5
WARNING: Unable to find version of CDP to use for 148.0.7778.216. You may need to include a dependency on a specific version of the CDP using something similar to `org.seleniumhq.selenium:selenium-devtools-v86:4.18.1` where the version ("v86") matches the version of the chromium-based browser you're using and the version number of the artifact is the same as Selenium's.
]]></system-err>
  </testcase>
  <testcase name="tc20_12_orderNoAcceptsEmpty" classname="tests.TC20_FieldValidationTest" time="6.754">
    <system-out><![CDATA[[TEST START] tc20_12_orderNoAcceptsEmpty
[PASS] TC20-12 PASS: Order No accepts empty value
]]></system-out>
    <system-err><![CDATA[May 29, 2026 12:11:38 PM org.openqa.selenium.devtools.CdpVersionFinder findNearestMatch
WARNING: Unable to find CDP implementation matching 148
May 29, 2026 12:11:38 PM org.openqa.selenium.chromium.ChromiumDriver lambda$new$5
WARNING: Unable to find version of CDP to use for 148.0.7778.216. You may need to include a dependency on a specific version of the CDP using something similar to `org.seleniumhq.selenium:selenium-devtools-v86:4.18.1` where the version ("v86") matches the version of the chromium-based browser you're using and the version number of the artifact is the same as Selenium's.
]]></system-err>
  </testcase>
  <testcase name="tc20_13_serviceNoDigitsOnly" classname="tests.TC20_FieldValidationTest" time="6.943">
    <system-out><![CDATA[[TEST START] tc20_13_serviceNoDigitsOnly
[PASS] TC20-13 PASS: Service No accepts digits. Got: '12345678'
]]></system-out>
    <system-err><![CDATA[May 29, 2026 12:12:16 PM org.openqa.selenium.devtools.CdpVersionFinder findNearestMatch
WARNING: Unable to find CDP implementation matching 148
May 29, 2026 12:12:16 PM org.openqa.selenium.chromium.ChromiumDriver lambda$new$5
WARNING: Unable to find version of CDP to use for 148.0.7778.216. You may need to include a dependency on a specific version of the CDP using something similar to `org.seleniumhq.selenium:selenium-devtools-v86:4.18.1` where the version ("v86") matches the version of the chromium-based browser you're using and the version number of the artifact is the same as Selenium's.
]]></system-err>
  </testcase>
  <testcase name="tc20_14_serviceNoMaxLength" classname="tests.TC20_FieldValidationTest" time="6.777">
    <system-out><![CDATA[[TEST START] tc20_14_serviceNoMaxLength
[PASS] TC20-14 PASS: Service No maxlength = 9
]]></system-out>
    <system-err><![CDATA[May 29, 2026 12:12:52 PM org.openqa.selenium.devtools.CdpVersionFinder findNearestMatch
WARNING: Unable to find CDP implementation matching 148
May 29, 2026 12:12:52 PM org.openqa.selenium.chromium.ChromiumDriver lambda$new$5
WARNING: Unable to find version of CDP to use for 148.0.7778.216. You may need to include a dependency on a specific version of the CDP using something similar to `org.seleniumhq.selenium:selenium-devtools-v86:4.18.1` where the version ("v86") matches the version of the chromium-based browser you're using and the version number of the artifact is the same as Selenium's.
]]></system-err>
  </testcase>
  <testcase name="tc20_15_builderIdAlphanumeric" classname="tests.TC20_FieldValidationTest" time="7.05">
    <system-out><![CDATA[[TEST START] tc20_15_builderIdAlphanumeric
[PASS] TC20-15 PASS: Builder After Care Id accepts alphanumeric. Got: 'BAC123abc'
]]></system-out>
    <system-err><![CDATA[May 29, 2026 12:13:17 PM org.openqa.selenium.devtools.CdpVersionFinder findNearestMatch
WARNING: Unable to find CDP implementation matching 148
May 29, 2026 12:13:17 PM org.openqa.selenium.chromium.ChromiumDriver lambda$new$5
WARNING: Unable to find version of CDP to use for 148.0.7778.216. You may need to include a dependency on a specific version of the CDP using something similar to `org.seleniumhq.selenium:selenium-devtools-v86:4.18.1` where the version ("v86") matches the version of the chromium-based browser you're using and the version number of the artifact is the same as Selenium's.
]]></system-err>
  </testcase>
  <testcase name="tc20_16_builderIdAcceptsEmpty" classname="tests.TC20_FieldValidationTest" time="6.998">
    <system-out><![CDATA[[TEST START] tc20_16_builderIdAcceptsEmpty
[PASS] TC20-16 PASS: Builder After Care Id accepts empty value
]]></system-out>
    <system-err><![CDATA[May 29, 2026 12:13:47 PM org.openqa.selenium.devtools.CdpVersionFinder findNearestMatch
WARNING: Unable to find CDP implementation matching 148
May 29, 2026 12:13:47 PM org.openqa.selenium.chromium.ChromiumDriver lambda$new$5
WARNING: Unable to find version of CDP to use for 148.0.7778.216. You may need to include a dependency on a specific version of the CDP using something similar to `org.seleniumhq.selenium:selenium-devtools-v86:4.18.1` where the version ("v86") matches the version of the chromium-based browser you're using and the version number of the artifact is the same as Selenium's.
]]></system-err>
  </testcase>
  <testcase name="tc20_17_phoneAcceptsInternationalFormat" classname="tests.TC20_FieldValidationTest" time="7.477">
    <system-out><![CDATA[[TEST START] tc20_17_phoneAcceptsInternationalFormat
[PASS] TC20-17 PASS: Phone accepts international format. Got: '+353 871234567'
]]></system-out>
    <system-err><![CDATA[May 29, 2026 12:14:05 PM org.openqa.selenium.devtools.CdpVersionFinder findNearestMatch
WARNING: Unable to find CDP implementation matching 148
May 29, 2026 12:14:05 PM org.openqa.selenium.chromium.ChromiumDriver lambda$new$5
WARNING: Unable to find version of CDP to use for 148.0.7778.216. You may need to include a dependency on a specific version of the CDP using something similar to `org.seleniumhq.selenium:selenium-devtools-v86:4.18.1` where the version ("v86") matches the version of the chromium-based browser you're using and the version number of the artifact is the same as Selenium's.
]]></system-err>
  </testcase>
  <testcase name="tc20_18_phoneAcceptsLocalDigits" classname="tests.TC20_FieldValidationTest" time="6.593">
    <system-out><![CDATA[[TEST START] tc20_18_phoneAcceptsLocalDigits
[PASS] TC20-18 PASS: Phone accepts local digits. Got: '0871234567'
]]></system-out>
    <system-err><![CDATA[May 29, 2026 12:14:22 PM org.openqa.selenium.devtools.CdpVersionFinder findNearestMatch
WARNING: Unable to find CDP implementation matching 148
May 29, 2026 12:14:22 PM org.openqa.selenium.chromium.ChromiumDriver lambda$new$5
WARNING: Unable to find version of CDP to use for 148.0.7778.216. You may need to include a dependency on a specific version of the CDP using something similar to `org.seleniumhq.selenium:selenium-devtools-v86:4.18.1` where the version ("v86") matches the version of the chromium-based browser you're using and the version number of the artifact is the same as Selenium's.
]]></system-err>
  </testcase>
  <testcase name="tc20_19_phoneAcceptsEmpty" classname="tests.TC20_FieldValidationTest" time="6.886">
    <system-out><![CDATA[[TEST START] tc20_19_phoneAcceptsEmpty
[PASS] TC20-19 PASS: Phone accepts empty value
]]></system-out>
    <system-err><![CDATA[May 29, 2026 12:14:46 PM org.openqa.selenium.devtools.CdpVersionFinder findNearestMatch
WARNING: Unable to find CDP implementation matching 148
May 29, 2026 12:14:46 PM org.openqa.selenium.chromium.ChromiumDriver lambda$new$5
WARNING: Unable to find version of CDP to use for 148.0.7778.216. You may need to include a dependency on a specific version of the CDP using something similar to `org.seleniumhq.selenium:selenium-devtools-v86:4.18.1` where the version ("v86") matches the version of the chromium-based browser you're using and the version number of the artifact is the same as Selenium's.
]]></system-err>
  </testcase>
  <testcase name="tc20_20_emailAcceptsValidFormat" classname="tests.TC20_FieldValidationTest" time="6.916">
    <system-out><![CDATA[[TEST START] tc20_20_emailAcceptsValidFormat
[PASS] TC20-20 PASS: Email accepts valid format. Got: 'test@example.com'
]]></system-out>
    <system-err><![CDATA[May 29, 2026 12:15:10 PM org.openqa.selenium.devtools.CdpVersionFinder findNearestMatch
WARNING: Unable to find CDP implementation matching 148
May 29, 2026 12:15:10 PM org.openqa.selenium.chromium.ChromiumDriver lambda$new$5
WARNING: Unable to find version of CDP to use for 148.0.7778.216. You may need to include a dependency on a specific version of the CDP using something similar to `org.seleniumhq.selenium:selenium-devtools-v86:4.18.1` where the version ("v86") matches the version of the chromium-based browser you're using and the version number of the artifact is the same as Selenium's.
]]></system-err>
  </testcase>
  <testcase name="tc20_21_emailFieldType" classname="tests.TC20_FieldValidationTest" time="6.864">
    <system-out><![CDATA[[TEST START] tc20_21_emailFieldType
[PASS] TC20-21 NOTE: Email field type='text'. Browser validation not enforced — server-side validation expected.
]]></system-out>
    <system-err><![CDATA[May 29, 2026 12:15:32 PM org.openqa.selenium.devtools.CdpVersionFinder findNearestMatch
WARNING: Unable to find CDP implementation matching 148
May 29, 2026 12:15:32 PM org.openqa.selenium.chromium.ChromiumDriver lambda$new$5
WARNING: Unable to find version of CDP to use for 148.0.7778.216. You may need to include a dependency on a specific version of the CDP using something similar to `org.seleniumhq.selenium:selenium-devtools-v86:4.18.1` where the version ("v86") matches the version of the chromium-based browser you're using and the version number of the artifact is the same as Selenium's.
]]></system-err>
  </testcase>
  <testcase name="tc20_22_emailAcceptsEmpty" classname="tests.TC20_FieldValidationTest" time="6.83">
    <system-out><![CDATA[[TEST START] tc20_22_emailAcceptsEmpty
[PASS] TC20-22 PASS: Email accepts empty value
]]></system-out>
    <system-err><![CDATA[May 29, 2026 12:15:59 PM org.openqa.selenium.devtools.CdpVersionFinder findNearestMatch
WARNING: Unable to find CDP implementation matching 148
May 29, 2026 12:15:59 PM org.openqa.selenium.chromium.ChromiumDriver lambda$new$5
WARNING: Unable to find version of CDP to use for 148.0.7778.216. You may need to include a dependency on a specific version of the CDP using something similar to `org.seleniumhq.selenium:selenium-devtools-v86:4.18.1` where the version ("v86") matches the version of the chromium-based browser you're using and the version number of the artifact is the same as Selenium's.
]]></system-err>
  </testcase>
  <testcase name="tc20_23_quoteIdAlphanumeric" classname="tests.TC20_FieldValidationTest" time="4.526">
    <system-out><![CDATA[[TEST START] tc20_23_quoteIdAlphanumeric
[PASS] TC20-23 PASS: Quote Number accepts alphanumeric. Got: 'QT2026abc'
]]></system-out>
    <system-err><![CDATA[May 29, 2026 12:16:28 PM org.openqa.selenium.devtools.CdpVersionFinder findNearestMatch
WARNING: Unable to find CDP implementation matching 148
May 29, 2026 12:16:28 PM org.openqa.selenium.chromium.ChromiumDriver lambda$new$5
WARNING: Unable to find version of CDP to use for 148.0.7778.216. You may need to include a dependency on a specific version of the CDP using something similar to `org.seleniumhq.selenium:selenium-devtools-v86:4.18.1` where the version ("v86") matches the version of the chromium-based browser you're using and the version number of the artifact is the same as Selenium's.
]]></system-err>
  </testcase>
  <testcase name="tc20_24_quoteIdAcceptsEmpty" classname="tests.TC20_FieldValidationTest" time="4.672">
    <system-out><![CDATA[[TEST START] tc20_24_quoteIdAcceptsEmpty
[PASS] TC20-24 PASS: Quote Number accepts empty value
]]></system-out>
    <system-err><![CDATA[May 29, 2026 12:16:51 PM org.openqa.selenium.devtools.CdpVersionFinder findNearestMatch
WARNING: Unable to find CDP implementation matching 148
May 29, 2026 12:16:51 PM org.openqa.selenium.chromium.ChromiumDriver lambda$new$5
WARNING: Unable to find version of CDP to use for 148.0.7778.216. You may need to include a dependency on a specific version of the CDP using something similar to `org.seleniumhq.selenium:selenium-devtools-v86:4.18.1` where the version ("v86") matches the version of the chromium-based browser you're using and the version number of the artifact is the same as Selenium's.
]]></system-err>
  </testcase>
</testsuite>