<?xml version="1.0" encoding="UTF-8"?>
<!-- Generated by org.testng.reporters.JUnitReportReporter -->
<testsuite hostname="Surface7" failures="0" tests="24" name="tests.TC20_FieldValidationTest" time="605.883" errors="0" timestamp="2026-05-29T12:17:13 BOT" skipped="0">
  <testcase classname="tests.TC20_FieldValidationTest" name="tc20_20_emailAcceptsValidFormat" time="28.111"/>
  <testcase classname="tests.TC20_FieldValidationTest" name="tc20_07_addressAcceptsEmpty" time="32.938"/>
  <testcase classname="tests.TC20_FieldValidationTest" name="tc20_02_nameRejectsDigits" time="18.854"/>
  <testcase classname="tests.TC20_FieldValidationTest" name="tc20_11_orderNoAcceptsSpecialChars" time="44.281"/>
  <testcase classname="tests.TC20_FieldValidationTest" name="tc20_15_builderIdAlphanumeric" time="39.230"/>
  <testcase classname="tests.TC20_FieldValidationTest" name="tc20_19_phoneAcceptsEmpty" time="25.642"/>
  <testcase classname="tests.TC20_FieldValidationTest" name="tc20_04_nameAcceptsEmpty" time="20.271"/>
  <testcase classname="tests.TC20_FieldValidationTest" name="tc20_06_addressMaxLength" time="28.160"/>
  <testcase classname="tests.TC20_FieldValidationTest" name="tc20_09_fittingNoRejectsLetters" time="36.179"/>
  <testcase classname="tests.TC20_FieldValidationTest" name="tc20_03_nameMaxLength" time="19.478"/>
  <testcase classname="tests.TC20_FieldValidationTest" name="tc20_08_fittingNoDigitsOnly" time="11.903"/>
  <testcase classname="tests.TC20_FieldValidationTest" name="tc20_22_emailAcceptsEmpty" time="29.989"/>
  <testcase classname="tests.TC20_FieldValidationTest" name="tc20_10_fittingNoAcceptsEmpty" time="22.220"/>
  <testcase classname="tests.TC20_FieldValidationTest" name="tc20_17_phoneAcceptsInternationalFormat" time="25.180"/>
  <testcase classname="tests.TC20_FieldValidationTest" name="tc20_23_quoteIdAlphanumeric" time="20.367"/>
  <testcase classname="tests.TC20_FieldValidationTest" name="tc20_12_orderNoAcceptsEmpty" time="23.687"/>
  <testcase classname="tests.TC20_FieldValidationTest" name="tc20_24_quoteIdAcceptsEmpty" time="27.756"/>
  <testcase classname="tests.TC20_FieldValidationTest" name="tc20_13_serviceNoDigitsOnly" time="25.341"/>
  <testcase classname="tests.TC20_FieldValidationTest" name="tc20_14_serviceNoMaxLength" time="28.765"/>
  <testcase classname="tests.TC20_FieldValidationTest" name="tc20_16_builderIdAcceptsEmpty" time="25.967"/>
  <testcase classname="tests.TC20_FieldValidationTest" name="tc20_18_phoneAcceptsLocalDigits" time="16.399"/>
  <testcase classname="tests.TC20_FieldValidationTest" name="tc20_21_emailFieldType" time="23.068"/>
  <testcase classname="tests.TC20_FieldValidationTest" name="tc20_01_nameRejectsSpecialChars" time="24.277"/>
  <testcase classname="tests.TC20_FieldValidationTest" name="tc20_05_addressRejectsSpecialChars" time="7.820"/>
</testsuite> <!-- tests.TC20_FieldValidationTest -->
