<?xml version="1.0" encoding="UTF-8"?>
<!-- Generated by org.testng.reporters.JUnitXMLReporter -->
<testsuite ignored="0" hostname="Surface7" failures="0" tests="43" name="MunsterJoinery-Tests" time="1109.897" errors="0" timestamp="2026-05-29T12:17:13 BOT">
  <testcase classname="tests.TC01_LoginValidTest" name="tc01_loginValid" time="24.438"/>
  <testcase classname="tests.TC02_LoginInvalidTest" name="tc02_loginInvalid" time="2.363"/>
  <testcase classname="tests.TC03_ForgottenAccountTest" name="tc03_forgottenAccount" time="0.77"/>
  <testcase classname="tests.TC04_SearchByNameTest" name="tc04_searchByName" time="4.83"/>
  <testcase classname="tests.TC05_SearchByPostCodeTest" name="tc05_searchByPostCode" time="6.834"/>
  <testcase classname="tests.TC06_SearchByFittingNoTest" name="tc06_searchByFittingNo" time="4.855"/>
  <testcase classname="tests.TC07_SearchByOrderNoTest" name="tc07_searchByOrderNo" time="10.097"/>
  <testcase classname="tests.TC08_SearchByServiceNoTest" name="tc08_searchByServiceNo" time="4.723"/>
  <testcase classname="tests.TC09_SearchByBuilderAfterCareIdTest" name="tc09_searchByBuilderAfterCareId" time="4.959"/>
  <testcase classname="tests.TC10_SearchByPhoneTest" name="tc10_searchByPhone" time="7.378"/>
  <testcase classname="tests.TC11_SearchByEmailTest" name="tc11_searchByEmail" time="6.883"/>
  <testcase classname="tests.TC12_SearchByQuoteIdTest" name="tc12_searchByQuoteId" time="7.107"/>
  <testcase classname="tests.TC13_ClearFieldsTest" name="tc13_clearFields" time="7.602"/>
  <testcase classname="tests.TC14_SearchByNameAndPostCodeTest" name="tc14_searchByNameAndPostCode" time="7.231"/>
  <testcase classname="tests.TC15_SearchByMultipleFieldsTest" name="tc15_searchByMultipleFields" time="10.546"/>
  <testcase classname="tests.TC16_ResultsTableTest" name="tc16_resultsTable" time="5.165"/>
  <testcase classname="tests.TC17_SelectRecordTest" name="tc17_selectRecord" time="17.518"/>
  <testcase classname="tests.TC18_NoRecordsFoundTest" name="tc18_noRecordsFound" time="8.842"/>
  <testcase classname="tests.TC19_SessionPersistenceTest" name="tc19_sessionPersistence" time="17.306"/>
  <testcase classname="tests.TC20_FieldValidationTest" name="tc20_01_nameRejectsSpecialChars" time="6.782"/>
  <testcase classname="tests.TC20_FieldValidationTest" name="tc20_02_nameRejectsDigits" time="6.883"/>
  <testcase classname="tests.TC20_FieldValidationTest" name="tc20_03_nameMaxLength" time="6.843"/>
  <testcase classname="tests.TC20_FieldValidationTest" name="tc20_04_nameAcceptsEmpty" time="4.946"/>
  <testcase classname="tests.TC20_FieldValidationTest" name="tc20_05_addressRejectsSpecialChars" time="4.579"/>
  <testcase classname="tests.TC20_FieldValidationTest" name="tc20_06_addressMaxLength" time="4.758"/>
  <testcase classname="tests.TC20_FieldValidationTest" name="tc20_07_addressAcceptsEmpty" time="4.612"/>
  <testcase classname="tests.TC20_FieldValidationTest" name="tc20_08_fittingNoDigitsOnly" time="4.452"/>
  <testcase classname="tests.TC20_FieldValidationTest" name="tc20_09_fittingNoRejectsLetters" time="7.015"/>
  <testcase classname="tests.TC20_FieldValidationTest" name="tc20_10_fittingNoAcceptsEmpty" time="6.737"/>
  <testcase classname="tests.TC20_FieldValidationTest" name="tc20_11_orderNoAcceptsSpecialChars" time="24.745"/>
  <testcase classname="tests.TC20_FieldValidationTest" name="tc20_12_orderNoAcceptsEmpty" time="6.752"/>
  <testcase classname="tests.TC20_FieldValidationTest" name="tc20_13_serviceNoDigitsOnly" time="6.942"/>
  <testcase classname="tests.TC20_FieldValidationTest" name="tc20_14_serviceNoMaxLength" time="6.775"/>
  <testcase classname="tests.TC20_FieldValidationTest" name="tc20_15_builderIdAlphanumeric" time="7.05"/>
  <testcase classname="tests.TC20_FieldValidationTest" name="tc20_16_builderIdAcceptsEmpty" time="6.999"/>
  <testcase classname="tests.TC20_FieldValidationTest" name="tc20_17_phoneAcceptsInternationalFormat" time="7.481"/>
  <testcase classname="tests.TC20_FieldValidationTest" name="tc20_18_phoneAcceptsLocalDigits" time="6.592"/>
  <testcase classname="tests.TC20_FieldValidationTest" name="tc20_19_phoneAcceptsEmpty" time="6.883"/>
  <testcase classname="tests.TC20_FieldValidationTest" name="tc20_20_emailAcceptsValidFormat" time="6.913"/>
  <testcase classname="tests.TC20_FieldValidationTest" name="tc20_21_emailFieldType" time="6.864"/>
  <testcase classname="tests.TC20_FieldValidationTest" name="tc20_22_emailAcceptsEmpty" time="6.83"/>
  <testcase classname="tests.TC20_FieldValidationTest" name="tc20_23_quoteIdAlphanumeric" time="4.524"/>
  <testcase classname="tests.TC20_FieldValidationTest" name="tc20_24_quoteIdAcceptsEmpty" time="4.672"/>
</testsuite> <!-- MunsterJoinery-Tests -->
